2022-09-19 22:42:05,145 [ 1] INFO  Unity: LoadingManager start
2022-09-19 22:42:08,901 [ 1] INFO  Unity: DataManager > DataManager()
2022-09-19 22:42:13,981 [ 1] INFO  Unity: UserLoginRequest::user :user1 psw:1
2022-09-19 22:42:13,983 [ 1] INFO  Unity: ConnectToServer() Start 
2022-09-19 22:42:13,984 [ 1] INFO  Unity: DoConnect
2022-09-19 22:42:13,987 [ 1] INFO  Unity: NetClient.DoConnect on 127.0.0.1:8000
2022-09-19 22:42:13,990 [ 1] INFO  Unity: Connect[0] to server 127.0.0.1:8000

2022-09-19 22:42:13,993 [ 1] INFO  Unity: LoadingMesager::OnGameServerConnect :0 reason:Success
2022-09-19 22:42:14,119 [ 1] INFO  Unity: OnLogin:Success [None]
2022-09-19 22:42:14,121 [ 1] INFO  Unity: LoadLevel: CharSelect
2022-09-19 22:42:14,389 [ 1] INFO  Unity: LevelLoadCompleted:1
2022-09-19 22:42:15,068 [ 1] INFO  Unity: Select Char:[1]inside[Archer]
2022-09-19 22:42:15,076 [ 1] INFO  Unity: SetPosition:(32351, -10900, 11992)
2022-09-19 22:42:15,078 [ 1] INFO  Unity: MapEntityUpdateRequest : ID : 0   POS: (32351,-10900,11992)   DIR: (0,100,0)    SPD: 0
2022-09-19 22:42:16,399 [ 1] INFO  Unity: UserGameEnterRequest::characterId :0
2022-09-19 22:42:16,435 [ 1] INFO  Unity: OnGameEnter:Success [None]
2022-09-19 22:42:16,438 [ 1] INFO  Unity: ItemManager:Init[ID:1,   Count:200]
2022-09-19 22:42:16,440 [ 1] INFO  Unity: ItemManager:Init[ID:2,   Count:100]
2022-09-19 22:42:16,441 [ 1] INFO  Unity: ItemManager:Init[ID:3,   Count:30]
2022-09-19 22:42:16,442 [ 1] INFO  Unity: ItemManager:Init[ID:4,   Count:120]
2022-09-19 22:42:16,444 [ 1] INFO  Unity: OnMapCharacterEnter:Map:1    Count：1
2022-09-19 22:42:16,447 [ 1] INFO  Unity: AddCharacters:1:inside  Map:1 Entiyt:(6:pos:(5000,4000,820),dir:(100,0,0),spd:0
2022-09-19 22:42:16,450 [ 1] INFO  Unity: LoadLevel: MainCity
2022-09-19 22:42:17,273 [ 1] WARN  Unity: MainPlayerCamera[-1401910] Awake
UnityEngine.Debug:LogWarningFormat(String, Object[])
MonoSingleton`1:Awake() (at Assets/Scripts/Utilities/MonoSingleton.cs:23)

2022-09-19 22:42:17,274 [ 1] WARN  Unity: UIWorldElementManager[184674] Awake
UnityEngine.Debug:LogWarningFormat(String, Object[])
MonoSingleton`1:Awake() (at Assets/Scripts/Utilities/MonoSingleton.cs:23)

2022-09-19 22:42:17,275 [ 1] WARN  Unity: UIMiniMap[184796] Awake
UnityEngine.Debug:LogWarningFormat(String, Object[])
MonoSingleton`1:Awake() (at Assets/Scripts/Utilities/MonoSingleton.cs:23)

2022-09-19 22:42:17,276 [ 1] WARN  Unity: DontDestroyOnLoad only work for root GameObjects or components on root GameObjects.
UnityEngine.Object:DontDestroyOnLoad(Object)
MonoSingleton`1:Awake() (at Assets/Scripts/Utilities/MonoSingleton.cs:31)

2022-09-19 22:42:17,277 [ 1] WARN  Unity: GameObjectManager[185144] Awake
UnityEngine.Debug:LogWarningFormat(String, Object[])
MonoSingleton`1:Awake() (at Assets/Scripts/Utilities/MonoSingleton.cs:23)

2022-09-19 22:42:17,282 [ 1] INFO  Unity: character.Info.Id = 1 , Models.User.Instance.CurrentCharacter.Id = 1
2022-09-19 22:42:17,283 [ 1] WARN  Unity: UIMain[185544] Awake
UnityEngine.Debug:LogWarningFormat(String, Object[])
MonoSingleton`1:Awake() (at Assets/Scripts/Utilities/MonoSingleton.cs:23)

2022-09-19 22:42:17,319 [ 1] INFO  Unity: LevelLoadCompleted:1
2022-09-19 22:42:32,776 [ 1] INFO  Unity: MoveForward
2022-09-19 22:42:32,777 [ 1] INFO  Unity: MapEntityUpdateRequest : ID : 6   POS: (5000,4000,820)   DIR: (100,0,0)    SPD: 300
2022-09-19 22:42:33,223 [ 1] INFO  Unity: SetDirection:(98, 18, 0)
2022-09-19 22:42:33,224 [ 1] INFO  Unity: MapEntityUpdateRequest : ID : 6   POS: (5135,4000,820)   DIR: (98,18,0)    SPD: 300
2022-09-19 22:42:33,323 [ 1] INFO  Unity: SetDirection:(94, 35, 0)
2022-09-19 22:42:33,324 [ 1] INFO  Unity: MapEntityUpdateRequest : ID : 6   POS: (5165,4006,820)   DIR: (94,35,0)    SPD: 300
2022-09-19 22:42:33,406 [ 1] INFO  Unity: SetDirection:(86, 51, 0)
2022-09-19 22:42:33,407 [ 1] INFO  Unity: MapEntityUpdateRequest : ID : 6   POS: (5190,4016,820)   DIR: (86,51,0)    SPD: 300
2022-09-19 22:42:33,505 [ 1] INFO  Unity: SetDirection:(74, 68, 0)
2022-09-19 22:42:33,506 [ 1] INFO  Unity: MapEntityUpdateRequest : ID : 6   POS: (5214,4034,820)   DIR: (74,68,0)    SPD: 300
2022-09-19 22:42:33,588 [ 1] INFO  Unity: SetDirection:(61, 79, 0)
2022-09-19 22:42:33,589 [ 1] INFO  Unity: MapEntityUpdateRequest : ID : 6   POS: (5234,4049,820)   DIR: (61,79,0)    SPD: 300
2022-09-19 22:42:33,687 [ 1] INFO  Unity: SetDirection:(46, 89, 0)
2022-09-19 22:42:33,688 [ 1] INFO  Unity: MapEntityUpdateRequest : ID : 6   POS: (5249,4069,820)   DIR: (46,89,0)    SPD: 300
2022-09-19 22:42:33,784 [ 1] INFO  Unity: SetDirection:(27, 96, 0)
2022-09-19 22:42:33,785 [ 1] INFO  Unity: MapEntityUpdateRequest : ID : 6   POS: (5261,4093,820)   DIR: (27,96,0)    SPD: 300
2022-09-19 22:42:33,867 [ 1] INFO  Unity: SetDirection:(9, 100, 0)
2022-09-19 22:42:33,880 [ 1] INFO  Unity: MapEntityUpdateRequest : ID : 6   POS: (5266,4118,820)   DIR: (9,100,0)    SPD: 300
2022-09-19 22:42:33,962 [ 1] INFO  Unity: SetDirection:(-11, 99, 0)
2022-09-19 22:42:33,963 [ 1] INFO  Unity: MapEntityUpdateRequest : ID : 6   POS: (5266,4148,820)   DIR: (-11,99,0)    SPD: 300
2022-09-19 22:42:34,045 [ 1] INFO  Unity: SetDirection:(-29, 96, 0)
2022-09-19 22:42:34,046 [ 1] INFO  Unity: MapEntityUpdateRequest : ID : 6   POS: (5261,4173,820)   DIR: (-29,96,0)    SPD: 300
2022-09-19 22:42:34,144 [ 1] INFO  Unity: SetDirection:(-48, 88, 0)
2022-09-19 22:42:34,145 [ 1] INFO  Unity: MapEntityUpdateRequest : ID : 6   POS: (5255,4203,820)   DIR: (-48,88,0)    SPD: 300
2022-09-19 22:42:34,252 [ 1] INFO  Unity: SetDirection:(-65, 76, 0)
2022-09-19 22:42:34,253 [ 1] INFO  Unity: MapEntityUpdateRequest : ID : 6   POS: (5243,4227,820)   DIR: (-65,76,0)    SPD: 300
2022-09-19 22:42:34,271 [ 1] INFO  Unity: MapEntityUpdateRequest : ID : 6   POS: (5240,4231,820)   DIR: (-65,76,0)    SPD: 300
2022-09-19 22:42:34,337 [ 1] INFO  Unity: SetDirection:(-77, 63, 0)
2022-09-19 22:42:34,338 [ 1] INFO  Unity: MapEntityUpdateRequest : ID : 6   POS: (5228,4247,820)   DIR: (-77,63,0)    SPD: 300
2022-09-19 22:42:34,437 [ 1] INFO  Unity: SetDirection:(-89, 46, 0)
2022-09-19 22:42:34,438 [ 1] INFO  Unity: MapEntityUpdateRequest : ID : 6   POS: (5204,4265,820)   DIR: (-89,46,0)    SPD: 300
2022-09-19 22:42:34,537 [ 1] INFO  Unity: SetDirection:(-96, 27, 0)
2022-09-19 22:42:34,538 [ 1] INFO  Unity: MapEntityUpdateRequest : ID : 6   POS: (5180,4277,820)   DIR: (-96,27,0)    SPD: 300
2022-09-19 22:42:34,620 [ 1] INFO  Unity: SetDirection:(-100, 9, 0)
2022-09-19 22:42:34,621 [ 1] INFO  Unity: MapEntityUpdateRequest : ID : 6   POS: (5155,4282,820)   DIR: (-100,9,0)    SPD: 300
2022-09-19 22:42:34,720 [ 1] INFO  Unity: SetDirection:(-99, -10, 0)
2022-09-19 22:42:34,721 [ 1] INFO  Unity: MapEntityUpdateRequest : ID : 6   POS: (5125,4282,820)   DIR: (-99,-10,0)    SPD: 300
2022-09-19 22:42:34,853 [ 1] INFO  Unity: SetDirection:(-96, -28, 0)
2022-09-19 22:42:34,854 [ 1] INFO  Unity: MapEntityUpdateRequest : ID : 6   POS: (5085,4274,820)   DIR: (-96,-28,0)    SPD: 300
2022-09-19 22:42:34,985 [ 1] INFO  Unity: MapEntityUpdateRequest : ID : 6   POS: (5045,4266,820)   DIR: (-96,-28,0)    SPD: 300
2022-09-19 22:42:35,118 [ 1] INFO  Unity: Stop
2022-09-19 22:42:35,119 [ 1] INFO  Unity: MapEntityUpdateRequest : ID : 6   POS: (5005,4258,820)   DIR: (-96,-28,0)    SPD: 0
2022-09-19 22:42:35,729 [ 1] INFO  Unity: MoveForward
2022-09-19 22:42:35,730 [ 1] INFO  Unity: MapEntityUpdateRequest : ID : 6   POS: (5005,4258,820)   DIR: (-96,-28,0)    SPD: 300
2022-09-19 22:42:36,210 [ 1] INFO  Unity: SetDirection:(-89, -45, 0)
2022-09-19 22:42:36,211 [ 1] INFO  Unity: MapEntityUpdateRequest : ID : 6   POS: (4860,4229,820)   DIR: (-89,-45,0)    SPD: 300
2022-09-19 22:42:36,343 [ 1] INFO  Unity: SetDirection:(-78, -62, 0)
2022-09-19 22:42:36,344 [ 1] INFO  Unity: MapEntityUpdateRequest : ID : 6   POS: (4832,4215,820)   DIR: (-78,-62,0)    SPD: 300
2022-09-19 22:42:36,426 [ 1] INFO  Unity: SetDirection:(-66, -75, 0)
2022-09-19 22:42:36,427 [ 1] INFO  Unity: MapEntityUpdateRequest : ID : 6   POS: (4812,4200,820)   DIR: (-66,-75,0)    SPD: 300
2022-09-19 22:42:36,525 [ 1] INFO  Unity: SetDirection:(-49, -87, 0)
2022-09-19 22:42:36,526 [ 1] INFO  Unity: MapEntityUpdateRequest : ID : 6   POS: (4794,4176,820)   DIR: (-49,-87,0)    SPD: 300
2022-09-19 22:42:36,625 [ 1] INFO  Unity: SetDirection:(-30, -95, 0)
2022-09-19 22:42:36,626 [ 1] INFO  Unity: MapEntityUpdateRequest : ID : 6   POS: (4782,4152,820)   DIR: (-30,-95,0)    SPD: 300
2022-09-19 22:42:36,709 [ 1] INFO  Unity: SetDirection:(-13, -99, 0)
2022-09-19 22:42:36,710 [ 1] INFO  Unity: MapEntityUpdateRequest : ID : 6   POS: (4772,4127,820)   DIR: (-13,-99,0)    SPD: 300
2022-09-19 22:42:36,811 [ 1] INFO  Unity: SetDirection:(5, -100, 0)
2022-09-19 22:42:36,812 [ 1] INFO  Unity: MapEntityUpdateRequest : ID : 6   POS: (4766,4097,820)   DIR: (5,-100,0)    SPD: 300
2022-09-19 22:42:37,523 [ 1] INFO  Unity: SetDirection:(-16, -99, 0)
2022-09-19 22:42:37,524 [ 1] INFO  Unity: MapEntityUpdateRequest : ID : 6   POS: (4766,3882,820)   DIR: (-16,-99,0)    SPD: 300
2022-09-19 22:42:37,623 [ 1] INFO  Unity: SetDirection:(-33, -94, 0)
2022-09-19 22:42:37,624 [ 1] INFO  Unity: MapEntityUpdateRequest : ID : 6   POS: (4760,3852,820)   DIR: (-33,-94,0)    SPD: 300
2022-09-19 22:42:37,805 [ 1] INFO  Unity: SetDirection:(-49, -87, 0)
2022-09-19 22:42:37,806 [ 1] INFO  Unity: MapEntityUpdateRequest : ID : 6   POS: (4738,3797,820)   DIR: (-49,-87,0)    SPD: 300
2022-09-19 22:42:38,550 [ 1] INFO  Unity: Stop
2022-09-19 22:42:38,551 [ 1] INFO  Unity: MapEntityUpdateRequest : ID : 6   POS: (4648,3617,820)   DIR: (-49,-87,0)    SPD: 0
2022-09-19 22:42:38,552 [ 1] INFO  Unity: SetDirection:(-64, -77, 0)
2022-09-19 22:42:38,553 [ 1] INFO  Unity: MapEntityUpdateRequest : ID : 6   POS: (4648,3617,820)   DIR: (-64,-77,0)    SPD: 0
2022-09-19 22:42:39,859 [ 1] INFO  Unity: TestManager.OnNpcInvokeShop  NPC :2:埃布尔  Type:Functional    Func:InvokeInstance
2022-09-19 22:42:40,661 [ 1] INFO  Unity: MoveBack
2022-09-19 22:42:40,662 [ 1] INFO  Unity: MapEntityUpdateRequest : ID : 6   POS: (4648,3617,820)   DIR: (-64,-77,0)    SPD: -300
2022-09-19 22:42:41,540 [ 1] INFO  Unity: SetDirection:(-77, -63, 0)
2022-09-19 22:42:41,541 [ 1] INFO  Unity: MapEntityUpdateRequest : ID : 6   POS: (4807,3829,820)   DIR: (-77,-63,0)    SPD: -300
2022-09-19 22:42:41,655 [ 1] INFO  Unity: SetDirection:(-89, -46, 0)
2022-09-19 22:42:41,656 [ 1] INFO  Unity: MapEntityUpdateRequest : ID : 6   POS: (4835,3850,820)   DIR: (-89,-46,0)    SPD: -300
2022-09-19 22:42:41,755 [ 1] INFO  Unity: SetDirection:(-96, -27, 0)
2022-09-19 22:42:41,756 [ 1] INFO  Unity: MapEntityUpdateRequest : ID : 6   POS: (4859,3862,820)   DIR: (-96,-27,0)    SPD: -300
2022-09-19 22:42:41,838 [ 1] INFO  Unity: SetDirection:(-100, -10, 0)
2022-09-19 22:42:41,839 [ 1] INFO  Unity: MapEntityUpdateRequest : ID : 6   POS: (4884,3867,820)   DIR: (-100,-10,0)    SPD: -300
2022-09-19 22:42:41,938 [ 1] INFO  Unity: Stop
2022-09-19 22:42:41,939 [ 1] INFO  Unity: MapEntityUpdateRequest : ID : 6   POS: (4909,3872,820)   DIR: (-100,-10,0)    SPD: 0
2022-09-19 22:42:41,940 [ 1] INFO  Unity: SetDirection:(-100, 8, 0)
2022-09-19 22:42:41,941 [ 1] INFO  Unity: MapEntityUpdateRequest : ID : 6   POS: (4909,3872,820)   DIR: (-100,8,0)    SPD: 0
2022-09-19 22:42:42,021 [ 1] INFO  Unity: MoveForward
2022-09-19 22:42:42,022 [ 1] INFO  Unity: MapEntityUpdateRequest : ID : 6   POS: (4909,3872,820)   DIR: (-100,8,0)    SPD: 300
2022-09-19 22:42:42,037 [ 1] INFO  Unity: SetDirection:(-96, 28, 0)
2022-09-19 22:42:42,038 [ 1] INFO  Unity: MapEntityUpdateRequest : ID : 6   POS: (4904,3872,820)   DIR: (-96,28,0)    SPD: 300
2022-09-19 22:42:42,120 [ 1] INFO  Unity: SetDirection:(-89, 45, 0)
2022-09-19 22:42:42,121 [ 1] INFO  Unity: MapEntityUpdateRequest : ID : 6   POS: (4879,3877,820)   DIR: (-89,45,0)    SPD: 300
2022-09-19 22:42:42,219 [ 1] INFO  Unity: SetDirection:(-78, 62, 0)
2022-09-19 22:42:42,220 [ 1] INFO  Unity: MapEntityUpdateRequest : ID : 6   POS: (4855,3889,820)   DIR: (-78,62,0)    SPD: 300
2022-09-19 22:42:42,302 [ 1] INFO  Unity: SetDirection:(-66, 75, 0)
2022-09-19 22:42:42,303 [ 1] INFO  Unity: MapEntityUpdateRequest : ID : 6   POS: (4835,3904,820)   DIR: (-66,75,0)    SPD: 300
2022-09-19 22:42:42,401 [ 1] INFO  Unity: SetDirection:(-49, 87, 0)
2022-09-19 22:42:42,402 [ 1] INFO  Unity: MapEntityUpdateRequest : ID : 6   POS: (4817,3928,820)   DIR: (-49,87,0)    SPD: 300
2022-09-19 22:42:42,501 [ 1] INFO  Unity: SetDirection:(-30, 95, 0)
2022-09-19 22:42:42,502 [ 1] INFO  Unity: MapEntityUpdateRequest : ID : 6   POS: (4805,3952,820)   DIR: (-30,95,0)    SPD: 300
2022-09-19 22:42:42,599 [ 1] INFO  Unity: SetDirection:(-10, 99, 0)
2022-09-19 22:42:42,600 [ 1] INFO  Unity: MapEntityUpdateRequest : ID : 6   POS: (4793,3982,820)   DIR: (-10,99,0)    SPD: 300
2022-09-19 22:42:42,732 [ 1] INFO  Unity: SetDirection:(9, 100, 0)
2022-09-19 22:42:42,733 [ 1] INFO  Unity: MapEntityUpdateRequest : ID : 6   POS: (4785,4022,820)   DIR: (9,100,0)    SPD: 300
2022-09-19 22:42:43,163 [ 1] INFO  Unity: SetDirection:(-9, 100, 0)
2022-09-19 22:42:43,164 [ 1] INFO  Unity: MapEntityUpdateRequest : ID : 6   POS: (4785,4152,820)   DIR: (-9,100,0)    SPD: 300
2022-09-19 22:42:43,262 [ 1] INFO  Unity: SetDirection:(-29, 96, 0)
2022-09-19 22:42:43,264 [ 1] INFO  Unity: MapEntityUpdateRequest : ID : 6   POS: (4785,4182,820)   DIR: (-29,96,0)    SPD: 300
2022-09-19 22:42:43,362 [ 1] INFO  Unity: SetDirection:(-45, 89, 0)
2022-09-19 22:42:43,363 [ 1] INFO  Unity: MapEntityUpdateRequest : ID : 6   POS: (4779,4212,820)   DIR: (-45,89,0)    SPD: 300
2022-09-19 22:42:44,422 [ 1] INFO  Unity: SetDirection:(-60, 80, 0)
2022-09-19 22:42:44,423 [ 1] INFO  Unity: MapEntityUpdateRequest : ID : 6   POS: (4653,4464,820)   DIR: (-60,80,0)    SPD: 300
2022-09-19 22:42:44,605 [ 1] INFO  Unity: SetDirection:(-74, 67, 0)
2022-09-19 22:42:44,606 [ 1] INFO  Unity: MapEntityUpdateRequest : ID : 6   POS: (4620,4508,820)   DIR: (-74,67,0)    SPD: 300
2022-09-19 22:42:44,704 [ 1] INFO  Unity: SetDirection:(-85, 52, 0)
2022-09-19 22:42:44,705 [ 1] INFO  Unity: MapEntityUpdateRequest : ID : 6   POS: (4596,4526,820)   DIR: (-85,52,0)    SPD: 300
2022-09-19 22:42:44,853 [ 1] INFO  Unity: SetDirection:(-93, 36, 0)
2022-09-19 22:42:44,854 [ 1] INFO  Unity: MapEntityUpdateRequest : ID : 6   POS: (4560,4553,820)   DIR: (-93,36,0)    SPD: 300
2022-09-19 22:42:45,218 [ 1] INFO  Unity: Stop
2022-09-19 22:42:45,219 [ 1] INFO  Unity: MapEntityUpdateRequest : ID : 6   POS: (4450,4597,820)   DIR: (-93,36,0)    SPD: 0
2022-09-19 22:42:45,433 [ 1] INFO  Unity: MoveBack
2022-09-19 22:42:45,434 [ 1] INFO  Unity: MapEntityUpdateRequest : ID : 6   POS: (4450,4597,820)   DIR: (-93,36,0)    SPD: -300
2022-09-19 22:42:45,714 [ 1] INFO  Unity: Stop
2022-09-19 22:42:45,715 [ 1] INFO  Unity: MapEntityUpdateRequest : ID : 6   POS: (4535,4563,820)   DIR: (-93,36,0)    SPD: 0
2022-09-19 22:42:47,608 [ 1] INFO  Unity: MoveForward
2022-09-19 22:42:47,609 [ 1] INFO  Unity: MapEntityUpdateRequest : ID : 6   POS: (4535,4563,820)   DIR: (-93,36,0)    SPD: 300
2022-09-19 22:42:47,610 [ 1] INFO  Unity: SetDirection:(-85, 52, 0)
2022-09-19 22:42:47,611 [ 1] INFO  Unity: MapEntityUpdateRequest : ID : 6   POS: (4535,4563,820)   DIR: (-85,52,0)    SPD: 300
2022-09-19 22:42:47,708 [ 1] INFO  Unity: SetDirection:(-73, 68, 0)
2022-09-19 22:42:47,709 [ 1] INFO  Unity: MapEntityUpdateRequest : ID : 6   POS: (4511,4581,820)   DIR: (-73,68,0)    SPD: 300
2022-09-19 22:42:47,791 [ 1] INFO  Unity: SetDirection:(-60, 80, 0)
2022-09-19 22:42:47,792 [ 1] INFO  Unity: MapEntityUpdateRequest : ID : 6   POS: (4491,4596,820)   DIR: (-60,80,0)    SPD: 300
2022-09-19 22:42:47,890 [ 1] INFO  Unity: SetDirection:(-43, 90, 0)
2022-09-19 22:42:47,891 [ 1] INFO  Unity: MapEntityUpdateRequest : ID : 6   POS: (4473,4620,820)   DIR: (-43,90,0)    SPD: 300
2022-09-19 22:42:48,007 [ 1] INFO  Unity: SetDirection:(-27, 96, 0)
2022-09-19 22:42:48,008 [ 1] INFO  Unity: MapEntityUpdateRequest : ID : 6   POS: (4459,4655,820)   DIR: (-27,96,0)    SPD: 300
2022-09-19 22:42:48,595 [ 1] INFO  Unity: SetPosition:(4375, 4842, 820)
2022-09-19 22:42:48,596 [ 1] INFO  Unity: MapEntityUpdateRequest : ID : 6   POS: (4375,4842,820)   DIR: (-27,96,0)    SPD: 300
2022-09-19 22:42:49,571 [ 1] INFO  Unity: SetDirection:(-45, 89, 0)
2022-09-19 22:42:49,572 [ 1] INFO  Unity: MapEntityUpdateRequest : ID : 6   POS: (4316,5137,820)   DIR: (-45,89,0)    SPD: 300
2022-09-19 22:42:49,687 [ 1] INFO  Unity: SetDirection:(-62, 79, 0)
2022-09-19 22:42:49,688 [ 1] INFO  Unity: MapEntityUpdateRequest : ID : 6   POS: (4302,5165,820)   DIR: (-62,79,0)    SPD: 300
2022-09-19 22:42:50,996 [ 1] INFO  Unity: SetDirection:(-75, 67, 0)
2022-09-19 22:42:50,997 [ 1] INFO  Unity: MapEntityUpdateRequest : ID : 6   POS: (4068,5477,820)   DIR: (-75,67,0)    SPD: 300
2022-09-19 22:42:51,146 [ 1] INFO  Unity: SetDirection:(-86, 50, 0)
2022-09-19 22:42:51,148 [ 1] INFO  Unity: MapEntityUpdateRequest : ID : 6   POS: (4032,5504,820)   DIR: (-86,50,0)    SPD: 300
2022-09-19 22:42:51,244 [ 1] INFO  Unity: SetDirection:(-94, 33, 0)
2022-09-19 22:42:51,245 [ 1] INFO  Unity: MapEntityUpdateRequest : ID : 6   POS: (4008,5522,820)   DIR: (-94,33,0)    SPD: 300
2022-09-19 22:42:51,377 [ 1] INFO  Unity: SetDirection:(-99, 16, 0)
2022-09-19 22:42:51,378 [ 1] INFO  Unity: MapEntityUpdateRequest : ID : 6   POS: (3968,5538,820)   DIR: (-99,16,0)    SPD: 300
2022-09-19 22:42:51,410 [ 1] INFO  Unity: MapEntityUpdateRequest : ID : 6   POS: (3958,5540,820)   DIR: (-99,16,0)    SPD: 300
2022-09-19 22:42:52,208 [ 1] INFO  Unity: SetDirection:(-94, 34, 0)
2022-09-19 22:42:52,210 [ 1] INFO  Unity: MapEntityUpdateRequest : ID : 6   POS: (3723,5587,820)   DIR: (-94,34,0)    SPD: 300
2022-09-19 22:42:52,689 [ 1] INFO  Unity: SetDirection:(-99, 17, 0)
2022-09-19 22:42:52,690 [ 1] INFO  Unity: MapEntityUpdateRequest : ID : 6   POS: (3578,5645,820)   DIR: (-99,17,0)    SPD: 300
2022-09-19 22:42:52,871 [ 1] INFO  Unity: Stop
2022-09-19 22:42:52,872 [ 1] INFO  Unity: MapEntityUpdateRequest : ID : 6   POS: (3523,5656,820)   DIR: (-99,17,0)    SPD: 0
2022-09-19 22:42:52,987 [ 1] INFO  Unity: MoveBack
2022-09-19 22:42:52,988 [ 1] INFO  Unity: MapEntityUpdateRequest : ID : 6   POS: (3523,5656,820)   DIR: (-99,17,0)    SPD: -300
2022-09-19 22:42:53,408 [ 1] INFO  Unity: Stop
2022-09-19 22:42:53,409 [ 1] INFO  Unity: MapEntityUpdateRequest : ID : 6   POS: (3648,5631,820)   DIR: (-99,17,0)    SPD: 0
2022-09-19 22:42:57,158 [ 1] INFO  Unity: SetDirection:(-94, 34, 0)
2022-09-19 22:42:57,159 [ 1] INFO  Unity: MapEntityUpdateRequest : ID : 6   POS: (3648,5631,820)   DIR: (-94,34,0)    SPD: 0
2022-09-19 22:42:57,748 [ 1] INFO  Unity: MoveForward
2022-09-19 22:42:57,749 [ 1] INFO  Unity: MapEntityUpdateRequest : ID : 6   POS: (3648,5631,820)   DIR: (-94,34,0)    SPD: 300
2022-09-19 22:42:57,751 [ 1] INFO  Unity: SetPosition:(3598, 5628, 820)
2022-09-19 22:42:57,752 [ 1] INFO  Unity: MapEntityUpdateRequest : ID : 6   POS: (3598,5628,820)   DIR: (-94,34,0)    SPD: 300
2022-09-19 22:42:58,393 [ 1] INFO  Unity: Stop
2022-09-19 22:42:58,394 [ 1] INFO  Unity: MapEntityUpdateRequest : ID : 6   POS: (3403,5706,820)   DIR: (-94,34,0)    SPD: 0
2022-09-19 22:43:01,041 [ 1] INFO  Unity: MoveForward
2022-09-19 22:43:01,042 [ 1] INFO  Unity: MapEntityUpdateRequest : ID : 6   POS: (3403,5706,820)   DIR: (-94,34,0)    SPD: 300
2022-09-19 22:43:01,090 [ 1] INFO  Unity: SetDirection:(-86, 51, 0)
2022-09-19 22:43:01,091 [ 1] INFO  Unity: MapEntityUpdateRequest : ID : 6   POS: (3388,5712,820)   DIR: (-86,51,0)    SPD: 300
2022-09-19 22:43:01,190 [ 1] INFO  Unity: SetDirection:(-75, 66, 0)
2022-09-19 22:43:01,191 [ 1] INFO  Unity: MapEntityUpdateRequest : ID : 6   POS: (3364,5730,820)   DIR: (-75,66,0)    SPD: 300
2022-09-19 22:43:01,289 [ 1] INFO  Unity: SetDirection:(-60, 80, 0)
2022-09-19 22:43:01,290 [ 1] INFO  Unity: MapEntityUpdateRequest : ID : 6   POS: (3340,5748,820)   DIR: (-60,80,0)    SPD: 300
2022-09-19 22:43:01,624 [ 1] INFO  Unity: SetDirection:(-74, 67, 0)
2022-09-19 22:43:01,625 [ 1] INFO  Unity: MapEntityUpdateRequest : ID : 6   POS: (3280,5828,820)   DIR: (-74,67,0)    SPD: 300
2022-09-19 22:43:01,723 [ 1] INFO  Unity: SetDirection:(-86, 51, 0)
2022-09-19 22:43:01,724 [ 1] INFO  Unity: MapEntityUpdateRequest : ID : 6   POS: (3256,5846,820)   DIR: (-86,51,0)    SPD: 300
2022-09-19 22:43:01,805 [ 1] INFO  Unity: Stop
2022-09-19 22:43:01,806 [ 1] INFO  Unity: MapEntityUpdateRequest : ID : 6   POS: (3236,5861,820)   DIR: (-86,51,0)    SPD: 0
2022-09-19 22:43:01,807 [ 1] INFO  Unity: SetDirection:(-94, 35, 0)
2022-09-19 22:43:01,808 [ 1] INFO  Unity: MapEntityUpdateRequest : ID : 6   POS: (3236,5861,820)   DIR: (-94,35,0)    SPD: 0
2022-09-19 22:43:01,921 [ 1] INFO  Unity: SetDirection:(-99, 16, 0)
2022-09-19 22:43:01,922 [ 1] INFO  Unity: MapEntityUpdateRequest : ID : 6   POS: (3236,5861,820)   DIR: (-99,16,0)    SPD: 0
2022-09-19 22:43:02,983 [ 1] INFO  Unity: TestManager.OnNpcInvokeShop  NPC :4:奥德里奇  Type:Functional    Func:InvokeShop
2022-09-19 22:43:07,235 [ 1] INFO  Unity: TestManager.OnNpcInvokeShop  NPC :4:奥德里奇  Type:Functional    Func:InvokeShop
2022-09-19 22:43:11,202 [ 1] INFO  Unity: SetDirection:(-100, -2, 0)
2022-09-19 22:43:11,204 [ 1] INFO  Unity: MapEntityUpdateRequest : ID : 6   POS: (3236,5861,820)   DIR: (-100,-2,0)    SPD: 0
2022-09-19 22:43:11,351 [ 1] INFO  Unity: SetDirection:(-98, -20, 0)
2022-09-19 22:43:11,352 [ 1] INFO  Unity: MapEntityUpdateRequest : ID : 6   POS: (3236,5861,820)   DIR: (-98,-20,0)    SPD: 0
2022-09-19 22:43:11,450 [ 1] INFO  Unity: SetDirection:(-92, -39, 0)
2022-09-19 22:43:11,451 [ 1] INFO  Unity: MapEntityUpdateRequest : ID : 6   POS: (3236,5861,820)   DIR: (-92,-39,0)    SPD: 0
2022-09-19 22:43:11,533 [ 1] INFO  Unity: SetDirection:(-84, -55, 0)
2022-09-19 22:43:11,534 [ 1] INFO  Unity: MapEntityUpdateRequest : ID : 6   POS: (3236,5861,820)   DIR: (-84,-55,0)    SPD: 0
2022-09-19 22:43:11,632 [ 1] INFO  Unity: SetDirection:(-71, -71, 0)
2022-09-19 22:43:11,633 [ 1] INFO  Unity: MapEntityUpdateRequest : ID : 6   POS: (3236,5861,820)   DIR: (-71,-71,0)    SPD: 0
2022-09-19 22:43:11,721 [ 1] INFO  Unity: SetDirection:(-57, -82, 0)
2022-09-19 22:43:11,722 [ 1] INFO  Unity: MapEntityUpdateRequest : ID : 6   POS: (3236,5861,820)   DIR: (-57,-82,0)    SPD: 0
2022-09-19 22:43:11,741 [ 1] INFO  Unity: MoveForward
2022-09-19 22:43:11,742 [ 1] INFO  Unity: MapEntityUpdateRequest : ID : 6   POS: (3236,5861,820)   DIR: (-57,-82,0)    SPD: 300
2022-09-19 22:43:11,824 [ 1] INFO  Unity: SetDirection:(-39, -92, 0)
2022-09-19 22:43:11,825 [ 1] INFO  Unity: MapEntityUpdateRequest : ID : 6   POS: (3221,5841,820)   DIR: (-39,-92,0)    SPD: 300
2022-09-19 22:43:11,907 [ 1] INFO  Unity: SetDirection:(-22, -97, 0)
2022-09-19 22:43:11,908 [ 1] INFO  Unity: MapEntityUpdateRequest : ID : 6   POS: (3211,5816,820)   DIR: (-22,-97,0)    SPD: 300
2022-09-19 22:43:12,007 [ 1] INFO  Unity: SetDirection:(-2, -100, 0)
2022-09-19 22:43:12,008 [ 1] INFO  Unity: MapEntityUpdateRequest : ID : 6   POS: (3205,5786,820)   DIR: (-2,-100,0)    SPD: 300
2022-09-19 22:43:12,089 [ 1] INFO  Unity: SetDirection:(16, -99, 0)
2022-09-19 22:43:12,090 [ 1] INFO  Unity: MapEntityUpdateRequest : ID : 6   POS: (3205,5761,820)   DIR: (16,-99,0)    SPD: 300
2022-09-19 22:43:12,189 [ 1] INFO  Unity: SetDirection:(36, -93, 0)
2022-09-19 22:43:12,190 [ 1] INFO  Unity: MapEntityUpdateRequest : ID : 6   POS: (3211,5731,820)   DIR: (36,-93,0)    SPD: 300
2022-09-19 22:43:12,288 [ 1] INFO  Unity: SetDirection:(55, -84, 0)
2022-09-19 22:43:12,289 [ 1] INFO  Unity: MapEntityUpdateRequest : ID : 6   POS: (3223,5701,820)   DIR: (55,-84,0)    SPD: 300
2022-09-19 22:43:12,388 [ 1] INFO  Unity: SetDirection:(71, -71, 0)
2022-09-19 22:43:12,389 [ 1] INFO  Unity: MapEntityUpdateRequest : ID : 6   POS: (3241,5677,820)   DIR: (71,-71,0)    SPD: 300
2022-09-19 22:43:12,471 [ 1] INFO  Unity: SetDirection:(82, -57, 0)
2022-09-19 22:43:12,472 [ 1] INFO  Unity: MapEntityUpdateRequest : ID : 6   POS: (3261,5657,820)   DIR: (82,-57,0)    SPD: 300
2022-09-19 22:43:12,571 [ 1] INFO  Unity: SetDirection:(92, -39, 0)
2022-09-19 22:43:12,572 [ 1] INFO  Unity: MapEntityUpdateRequest : ID : 6   POS: (3285,5639,820)   DIR: (92,-39,0)    SPD: 300
2022-09-19 22:43:12,654 [ 1] INFO  Unity: SetDirection:(97, -22, 0)
2022-09-19 22:43:12,655 [ 1] INFO  Unity: MapEntityUpdateRequest : ID : 6   POS: (3310,5629,820)   DIR: (97,-22,0)    SPD: 300
2022-09-19 22:43:12,753 [ 1] INFO  Unity: SetDirection:(100, -2, 0)
2022-09-19 22:43:12,767 [ 1] INFO  Unity: MapEntityUpdateRequest : ID : 6   POS: (3340,5623,820)   DIR: (100,-2,0)    SPD: 300
2022-09-19 22:43:12,866 [ 1] INFO  Unity: SetDirection:(98, 18, 0)
2022-09-19 22:43:12,867 [ 1] INFO  Unity: MapEntityUpdateRequest : ID : 6   POS: (3370,5623,820)   DIR: (98,18,0)    SPD: 300
2022-09-19 22:43:13,032 [ 1] INFO  Unity: SetDirection:(94, 35, 0)
2022-09-19 22:43:13,033 [ 1] INFO  Unity: MapEntityUpdateRequest : ID : 6   POS: (3420,5633,820)   DIR: (94,35,0)    SPD: 300
2022-09-19 22:43:14,293 [ 1] INFO  Unity: SetDirection:(99, 17, 0)
2022-09-19 22:43:14,294 [ 1] INFO  Unity: MapEntityUpdateRequest : ID : 6   POS: (3800,5785,820)   DIR: (99,17,0)    SPD: 300
2022-09-19 22:43:15,615 [ 1] INFO  Unity: SetDirection:(100, 0, 0)
2022-09-19 22:43:15,616 [ 1] INFO  Unity: MapEntityUpdateRequest : ID : 6   POS: (4195,5864,820)   DIR: (100,0,0)    SPD: 300
2022-09-19 22:43:15,747 [ 1] INFO  Unity: SetDirection:(98, -18, 0)
2022-09-19 22:43:15,748 [ 1] INFO  Unity: MapEntityUpdateRequest : ID : 6   POS: (4235,5864,820)   DIR: (98,-18,0)    SPD: 300
2022-09-19 22:43:15,863 [ 1] INFO  Unity: SetDirection:(93, -37, 0)
2022-09-19 22:43:15,864 [ 1] INFO  Unity: MapEntityUpdateRequest : ID : 6   POS: (4270,5857,820)   DIR: (93,-37,0)    SPD: 300
2022-09-19 22:43:16,816 [ 1] INFO  Unity: SetDirection:(98, -20, 0)
2022-09-19 22:43:16,817 [ 1] INFO  Unity: MapEntityUpdateRequest : ID : 6   POS: (4555,5743,820)   DIR: (98,-20,0)    SPD: 300
2022-09-19 22:43:17,979 [ 1] INFO  Unity: SetDirection:(100, -2, 0)
2022-09-19 22:43:17,980 [ 1] INFO  Unity: MapEntityUpdateRequest : ID : 6   POS: (4905,5673,820)   DIR: (100,-2,0)    SPD: 300
2022-09-19 22:43:18,759 [ 1] INFO  Unity: Stop
2022-09-19 22:43:18,760 [ 1] INFO  Unity: MapEntityUpdateRequest : ID : 6   POS: (5135,5673,820)   DIR: (100,-2,0)    SPD: 0
2022-09-19 22:43:19,571 [ 1] INFO  Unity: TestManager.OnNpcInvokeShop  NPC :3:多丽丝  Type:Functional    Func:InvokeShop
2022-09-19 22:43:21,350 [ 1] INFO  Unity: MoveForward
2022-09-19 22:43:21,351 [ 1] INFO  Unity: MapEntityUpdateRequest : ID : 6   POS: (5135,5673,820)   DIR: (100,-2,0)    SPD: 300
2022-09-19 22:43:21,450 [ 1] INFO  Unity: SetDirection:(99, 17, 0)
2022-09-19 22:43:21,451 [ 1] INFO  Unity: MapEntityUpdateRequest : ID : 6   POS: (5165,5673,820)   DIR: (99,17,0)    SPD: 300
2022-09-19 22:43:21,650 [ 1] INFO  Unity: MapEntityUpdateRequest : ID : 6   POS: (5225,5685,820)   DIR: (99,17,0)    SPD: 300
2022-09-19 22:43:22,251 [ 1] INFO  Unity: Stop
2022-09-19 22:43:22,252 [ 1] INFO  Unity: MapEntityUpdateRequest : ID : 6   POS: (5405,5721,820)   DIR: (99,17,0)    SPD: 0
2022-09-19 22:43:22,438 [ 1] INFO  Unity: OnDestroy NetworkManager.
2022-09-19 22:43:22,439 [ 1] WARN  Unity: CloseConnection(), errorCode: 1007
UnityEngine.Debug:LogWarning(Object)
Network.NetClient:CloseConnection(Int32) (at Assets/Scripts/Network/NetClient.cs:178)
Network.NetClient:OnDestroy() (at Assets/Scripts/Network/NetClient.cs:173)

2022-09-19 22:43:22,441 [ 1] INFO  Unity: Character_1_inside OnDestroy :ID:6 POS:(5405, 5721, 820) DIR:(99, 17, 0) SPD:0 
